<?xml version="1.0" encoding="UTF-8" standalone="no"?>
<!DOCTYPE log SYSTEM "logger.dtd">
<log>
<record>
  <date>2019-03-20T12:45:59</date>
  <millis>1553060759711</millis>
  <sequence>0</sequence>
  <level>START</level>
  <class>com.kms.katalon.core.logging.XmlKeywordLogger</class>
  <method>startSuite</method>
  <thread>1</thread>
  <message>Start Test Suite : Test Suites/Demo CRUD</message>
  <nestedLevel>0</nestedLevel>
  <property name="name">Demo CRUD</property>
  <property name="description"></property>
  <property name="id">Test Suites/Demo CRUD</property>
</record>
<record>
  <date>2019-03-20T12:45:59</date>
  <millis>1553060759725</millis>
  <sequence>1</sequence>
  <level>RUN_DATA</level>
  <class>com.kms.katalon.core.logging.XmlKeywordLogger</class>
  <method>logMessage</method>
  <thread>1</thread>
  <message>hostName = Pieter Daud - DESKTOP-TSK39O8</message>
  <nestedLevel>0</nestedLevel>
  <property name="hostName">Pieter Daud - DESKTOP-TSK39O8</property>
</record>
<record>
  <date>2019-03-20T12:45:59</date>
  <millis>1553060759734</millis>
  <sequence>2</sequence>
  <level>RUN_DATA</level>
  <class>com.kms.katalon.core.logging.XmlKeywordLogger</class>
  <method>logMessage</method>
  <thread>1</thread>
  <message>os = Windows 10 64bit</message>
  <nestedLevel>0</nestedLevel>
  <property name="os">Windows 10 64bit</property>
</record>
<record>
  <date>2019-03-20T12:45:59</date>
  <millis>1553060759735</millis>
  <sequence>3</sequence>
  <level>RUN_DATA</level>
  <class>com.kms.katalon.core.logging.XmlKeywordLogger</class>
  <method>logMessage</method>
  <thread>1</thread>
  <message>hostAddress = 192.168.44.1</message>
  <nestedLevel>0</nestedLevel>
  <property name="hostAddress">192.168.44.1</property>
</record>
<record>
  <date>2019-03-20T12:45:59</date>
  <millis>1553060759736</millis>
  <sequence>4</sequence>
  <level>RUN_DATA</level>
  <class>com.kms.katalon.core.logging.XmlKeywordLogger</class>
  <method>logMessage</method>
  <thread>1</thread>
  <message>katalonVersion = 6.0.4.7</message>
  <nestedLevel>0</nestedLevel>
  <property name="katalonVersion">6.0.4.7</property>
</record>
<record>
  <date>2019-03-20T12:46:00</date>
  <millis>1553060760014</millis>
  <sequence>5</sequence>
  <level>START</level>
  <class>com.kms.katalon.core.logging.XmlKeywordLogger</class>
  <method>startTest</method>
  <thread>1</thread>
  <message>Start Test Case : Test Cases/insert</message>
  <nestedLevel>1</nestedLevel>
  <property name="name">Test Cases/insert</property>
  <property name="description"></property>
  <property name="id">Test Cases/insert</property>
  <property name="source">C:\\Users\\Pieter Daud\\Katalon Studio\\Automate Test POS Apps\\Test Cases\\insert.tc</property>
  <property name="isOptional">false</property>
</record>
<record>
  <date>2019-03-20T12:46:00</date>
  <millis>1553060760472</millis>
  <sequence>7</sequence>
  <level>START</level>
  <class>com.kms.katalon.core.logging.XmlKeywordLogger</class>
  <method>startKeyword</method>
  <thread>1</thread>
  <message>Start action : openBrowser(\&amp;quot;http://localhost/sekolah/siswa.html\&amp;quot;)</message>
  <nestedLevel>1</nestedLevel>
  <property name="startLine">33</property>
  <property name="stepIndex">1</property>
</record>
<record>
  <date>2019-03-20T12:46:00</date>
  <millis>1553060760851</millis>
  <sequence>9</sequence>
  <level>INFO</level>
  <class>com.kms.katalon.core.logging.XmlKeywordLogger</class>
  <method>logMessage</method>
  <thread>1</thread>
  <message>Starting &amp;apos;Firefox&amp;apos; driver</message>
  <nestedLevel>1</nestedLevel>
</record>
<record>
  <date>2019-03-20T12:46:00</date>
  <millis>1553060760919</millis>
  <sequence>10</sequence>
  <level>INFO</level>
  <class>com.kms.katalon.core.logging.XmlKeywordLogger</class>
  <method>logMessage</method>
  <thread>1</thread>
  <message>Action delay is set to 0 seconds</message>
  <nestedLevel>1</nestedLevel>
</record>
